 ** 
Add Media
Insert
Remove Marker
Add Beat Marker
Lift & Insert Selection
 ** 
Split Clip
Lift & Insert Selection
Split Clip
Lift & Insert Selection
Split Clip
Delete
Split Clip
Lift & Insert Selection
Lift & Insert Selection
Change Clip Speed
Fade In Video
Move Keyframes
Paste
Lift & Insert Selection
Remove Keyframes
Move Parameter Segment
Lift & Insert Selection
Lift & Insert Selection
Ripple Trim
Ripple Trim
Lift & Insert Selection
Undo Lift & Insert Selection
Lift & Insert Selection
Lift & Insert Selection
Lift & Insert Selection
Lift & Insert Selection
Lift & Insert Selection
Lift & Insert Selection
Lift & Insert Selection
Lift & Insert Selection
Lift & Insert Selection
Delete and Close Gap
Undo Delete and Close Gap
Lift & Insert Selection
Lift & Insert Selection
Lift & Insert Selection
Lift & Insert Selection
Undo Lift & Insert Selection
Lift & Insert Selection
Undo Lift & Insert Selection
Lift & Insert Selection
Lift & Insert Selection
Delete and Close Gap
Lift & Insert Selection
Lift & Insert Selection
Lift & Insert Selection
Lift & Insert Selection
Lift & Insert Selection
Ripple Trim
Lift & Insert Selection
Delete
Lift & Insert Selection
Change Clip Speed
Lift & Insert Selection
Ripple Trim
Lift & Insert Selection
Ripple Trim
Lift & Insert Selection
Lift & Insert Selection
Lift & Insert Selection
Undo Lift & Insert Selection
Lift & Insert Selection
Lift & Insert Selection
Lift & Insert Selection
Lift & Insert Selection
Lift & Insert Selection
Lift & Insert Selection
Lift & Insert Selection
Ripple Trim
Ripple Trim
Delete and Close Gap
Paste
Lift & Insert Selection
Delete and Close Gap
Delete and Close Gap
Delete and Close Gap
Lift & Insert Selection
Delete and Close Gap
Delete and Close Gap
Delete and Close Gap
Ripple Trim
Ripple Trim
Lift & Insert Selection
Insert
Add Beat Marker
Lift & Insert Selection
Ripple Trim
Split Clip
Delete and Close Gap
Lift & Insert Selection
Lift & Insert Selection
Lift & Insert Selection
Lift & Insert Selection
Lift & Insert Selection
Lift & Insert Selection
Split Clip
Lift & Insert Selection
Lift & Insert Selection
 ** 
Add Media
Insert
Ripple Trim
Link
Lift & Insert Selection
Ripple Trim
 ** 
 ** 
 ** 
Delete Project Items
Add Media
Insert
Lift & Insert Selection
Ripple Trim
Ripple Trim
Lift & Insert Selection
Ripple Trim
 ** 
 ** 
 ** 
Fade In Audio
Move Keyframes
Move Keyframes
Move Keyframes
Fade Out Audio
Move Keyframes
Move Keyframes
 ** 
Remove Keyframes
Remove Keyframes
Ripple Trim
Unlink
Split Clip
Add Marker
Add Marker
Change Clip Speed
Undo Change Clip Speed
Split Clip
Change Clip Speed
Split Clip
 ** 
Remove All Beat Markers
Add Beat Marker
Delete
Delete
Delete
Delete Project Items
Delete Project Items
Add Media
Insert
Lift & Insert Selection
Remove Marker
Remove All Markers
Add Marker
Split Clip
Undo Split Clip
Split Clip
Undo Split Clip
Split Clip
Split Clip
Delete
Lift & Insert Selection
Add Beat Marker
Split Clip
Split Clip
Change Clip Speed
Change Clip Speed
Change Clip Speed
Change Clip Speed
Change Clip Speed
Undo Change Clip Speed
Undo Change Clip Speed
Undo Change Clip Speed
Undo Change Clip Speed
Undo Change Clip Speed
Undo Split Clip
Split Clip
Lift & Insert Selection
Split Clip
Split Clip
Change Clip Speed
Change Clip Speed
Lift & Insert Selection
Change Clip Speed
Lift & Insert Selection
Ripple Trim
Split Clip
Change Clip Speed
Change Clip Speed
Change Clip Speed
Change Clip Speed
Change Clip Speed
Lift & Insert Selection
Lift & Insert Selection
Add Beat Marker
Ripple Trim
Ripple Trim
Ripple Trim
Lift & Insert Selection
Add Beat Marker
Remove Marker
Add Beat Marker
Split Clip
Lift & Insert Selection
Change Clip Speed
Change Clip Speed
Change Clip Speed
Change Clip Speed
Change Clip Speed
Lift & Insert Selection
Split Clip
Split Clip
Split Clip
Lift & Insert Selection
Paste
Lift & Insert Selection
Lift & Insert Selection
Paste
Split Clip
Delete and Close Gap
Lift & Insert Selection
Change Clip Speed
Change Clip Speed
Change Clip Speed
Change Clip Speed
Change Clip Speed
Ripple Trim
Apply Effect Preset
Edit Parameter
Edit Parameter
Edit Parameter
Edit Parameter
Edit Parameter
Edit Parameter
Edit Parameter
Edit Parameter
Edit Parameter
Edit Parameter
Edit Parameter
Edit Parameter
Edit Parameter
Edit Parameter
Edit Parameter
Edit Parameter
Edit Parameter
Apply Transition
Move Parameter Segment
Move Parameter Segment
Move Parameter Segment
Move Parameter Segment
Edit Parameter
Edit Parameter
Edit Parameter
Edit Parameter
Edit Parameter
Edit Parameter
Edit Parameter
Move Parameter Segment
Move Parameter Segment
Move Parameter Segment
Move Parameter Segment
Set Parameter Time Varying
Set Parameter Time Varying
Set Parameter Time Varying
Edit Parameter
Edit Parameter
 ** 
Move Control Point
Undo Move Control Point
Remove Keyframes
Remove Keyframes
Move Parameter Segment
Move Parameter Segment
Move Parameter Segment
Move Parameter Segment
Add Keyframe
Edit Parameter
Edit Parameter
Delete Keyframe
Edit Parameter
Setting Filter Inactive
Setting Filter Active
Setting Filter Inactive
Setting Filter Active
Setting Filter Inactive
Setting Filter Active
Edit Parameter
Remove Filter
Apply Effect Preset
Remove Filter
Apply Effect Preset
Edit Parameter
Edit Parameter
Edit Parameter
Edit Parameter
Edit Parameter
Edit Parameter
Edit Parameter
Edit Parameter
Edit Parameter
Edit Parameter
Edit Parameter
Edit Parameter
Edit Parameter
Edit Parameter
Edit Parameter
Edit Parameter
Remove Filter
Apply Effect Preset
Edit Parameter
Edit Parameter
Edit Parameter
Edit Parameter
Edit Parameter
Edit Parameter
Edit Parameter
Edit Parameter
Edit Parameter
Edit Parameter
Edit Parameter
Edit Parameter
Remove Filter
Apply Effect Preset
Edit Parameter
Set Parameter Time Varying
Set Parameter Time Varying
Set Parameter Time Varying
Delete Keyframe
Edit Parameter
Add Keyframe
Edit Parameter
Edit Parameter
Edit Parameter
Edit Parameter
Delete Keyframe
Delete Keyframe
Delete Keyframe
Edit Parameter
Delete Keyframe
Add Keyframe
Add Keyframe
Edit Parameter
Add Keyframe
Delete Keyframe
Edit Parameter
Add Keyframe
Remove Filter
Apply Effect Preset
Edit Parameter
Set Parameter Time Varying
Set Parameter Time Varying
Set Parameter Time Varying
Delete Keyframe
Add Keyframe
Edit Parameter
Edit Parameter
Clear Parameter Time Varying
Add Keyframe
Edit Parameter
Edit Parameter
Move Keyframes
Move Keyframes
Move Keyframes
Move Keyframes
Setting Filter Inactive
Setting Filter Active
Edit Parameter
Edit Parameter
Setting Filter Inactive
Setting Filter Active
Edit Parameter
Edit Parameter
Edit Parameter
Edit Parameter
Edit Parameter
Edit Parameter
Edit Parameter
Move Filter
Remove Filter
Apply Transition
Trim Transition
 ** 
Delete and Close Gap
Add Keyframe
Edit Parameter
Delete Keyframe
Edit Parameter
Clear Parameter Time Varying
Insert
Edit Parameter
 ** 
 ** 
Apply Effect Preset
Edit Parameter
Set Parameter Time Varying
Set Parameter Time Varying
Set Parameter Time Varying
Add Keyframe
Add Keyframe
Edit Parameter
Remove Filter
Delete
Apply Transition
Trim Transition
Paste
Lift & Insert Selection
Ripple Trim
Delete
Lift & Insert Selection
Lift & Insert Selection
Apply Transition
Trim Transition
Apply Transition
Undo Apply Transition
 ** 
 ** 
Move Keyframes
Move Keyframes
Move Keyframes
 ** 
 ** 
 ** 
Move Parameter Segment
Undo Move Parameter Segment
Group Clips
Move Parameter Segment
Undo Move Parameter Segment
Ungroup Clips
Move Parameter Segment
Move Parameter Segment
 ** 
Lift & Insert Selection
Ripple Trim
Lift & Insert Selection
Ripple Trim
Move Keyframes
Ripple Trim
Move Keyframes
Ripple Trim
Ripple Trim
Ripple Trim
Move Keyframes
Ripple Trim
Lift & Insert Selection
Undo Lift & Insert Selection
Delete and Close Gap
 ** 
 ** 
 ** 
 ** 
 ** 
 ** 
 ** 
 ** 
 ** 
 ** 
 ** 
 ** 
 ** 
Delete Empty Tracks
Delete and Close Gap
Undo Delete and Close Gap
Delete and Close Gap
Lift & Insert Selection
Lift & Insert Selection
Undo Lift & Insert Selection
Undo Lift & Insert Selection
Undo Delete and Close Gap
Delete
Add Media
Add Tracks
Insert
Apply Effect
Ripple Trim
Ripple Trim
Ripple Trim
Ripple Trim
Split Clip
Lift & Insert Selection
Lift & Insert Selection
Insert
Apply Effect
Ripple Trim
Lift & Insert Selection
Lift & Insert Selection
Lift & Insert Selection
Lift & Insert Selection
Align to Beat Markers
Lift & Insert Selection
Delete
Delete and Close Gap
Delete and Close Gap
Ripple Trim
Ripple Trim
Lift & Insert Selection
Add Media
Insert
Delete Project Items
Ripple Trim
Ripple Trim
Split Clip
Lift & Insert Selection
Lift & Insert Selection
Align to Beat Markers
Ripple Trim
Ripple Trim
Lift & Insert Selection
Lift & Insert Selection
Undo Lift & Insert Selection
Ripple Trim
Lift & Insert Selection
Delete and Close Gap
Lift & Insert Selection
Lift & Insert Selection
Lift & Insert Selection
Ripple Trim
Ripple Trim
Ripple Trim
Ripple Trim
Ripple Trim
Lift & Insert Selection
Ripple Trim
Split Clip
Delete and Close Gap
Lift & Insert Selection
Lift & Insert Selection
Ripple Trim
Lift & Insert Selection
Lift & Insert Selection
Time Stretch
Time Stretch
Time Stretch
Ripple Trim
Delete and Close Gap
Lift & Insert Selection
Time Stretch
Undo Time Stretch
Undo Lift & Insert Selection
Lift & Insert Selection
Undo Lift & Insert Selection
Lift & Insert Selection
Time Stretch
Undo Time Stretch
Ripple Trim
Delete and Close Gap
Lift & Insert Selection
Ripple Trim
Undo Ripple Trim
Lift & Insert Selection
Ripple Trim
Ripple Trim
Lift & Insert Selection
Lift & Insert Selection
Paste
Lift & Insert Selection
Lift & Insert Selection
Lift & Insert Selection
Time Stretch
 ** 
 ** 
